<?xml version="1.0" encoding="UTF-8"?>
<!-- Generated by org.testng.reporters.JUnitReportReporter -->
<testsuite hostname="Bheemi-Reddy" failures="0" tests="1" name="RunnerFIle" time="0.158" errors="0" timestamp="2021-08-26T08:57:14 IST" skipped="0">
  <testcase classname="RunnerFIle" name="feature" time="0.158"/>
  <system-out/>
</testsuite> <!-- RunnerFIle -->
